<?xml version="1.0" encoding="UTF-8"?>
<!-- Generated by org.testng.reporters.JUnitReportReporter -->
<testsuite hostname="LAPTOP-7RNT9IP7" name="com.training.sanity.tests.AdminHomeTests" tests="2" failures="0" timestamp="11 Sep 2019 06:02:46 GMT" time="13.065" errors="0">
  <testcase name="UNF_010" time="4.640" classname="com.training.sanity.tests.AdminHomeTests"/>
  <testcase name="UNF_011" time="8.425" classname="com.training.sanity.tests.AdminHomeTests"/>
</testsuite> <!-- com.training.sanity.tests.AdminHomeTests -->
