<?xml version="1.0" encoding="UTF-8"?>
<!-- Generated by org.testng.reporters.JUnitReportReporter -->
<testsuite hostname="LAPTOP-7RNT9IP7" name="com.training.sanity.tests.CategoryTest" tests="6" failures="0" timestamp="10 Sep 2019 06:50:54 GMT" time="85.671" errors="0">
  <testcase name="Category_Delete_Success" time="21.965" classname="com.training.sanity.tests.CategoryTest"/>
  <testcase name="UNF_010" time="42.079" classname="com.training.sanity.tests.CategoryTest"/>
  <testcase name="UNF_011" time="8.414" classname="com.training.sanity.tests.CategoryTest"/>
  <testcase name="Category_Delete_Alert" time="0.060" classname="com.training.sanity.tests.CategoryTest"/>
  <testcase name="Category_Delete" time="0.090" classname="com.training.sanity.tests.CategoryTest"/>
  <testcase name="Category_SelectRow" time="13.063" classname="com.training.sanity.tests.CategoryTest"/>
</testsuite> <!-- com.training.sanity.tests.CategoryTest -->
