<?xml version="1.0" encoding="UTF-8"?>
<!-- Generated by org.testng.reporters.JUnitReportReporter -->
<testsuite hostname="LAPTOP-7RNT9IP7" name="com.training.sanity.tests.AddProductTests" tests="4" failures="0" timestamp="16 Sep 2019 08:08:36 GMT" time="39.163" errors="0">
  <testcase name="UNF042" time="23.790" classname="com.training.sanity.tests.AddProductTests"/>
  <testcase name="UNF_010" time="7.016" classname="com.training.sanity.tests.AddProductTests"/>
  <testcase name="UNF_011" time="8.355" classname="com.training.sanity.tests.AddProductTests"/>
  <testcase name="UNF041" time="0.002" classname="com.training.sanity.tests.AddProductTests"/>
</testsuite> <!-- com.training.sanity.tests.AddProductTests -->
