<?xml version="1.0" encoding="UTF-8"?>
<!-- Generated by org.testng.reporters.JUnitReportReporter -->
<testsuite hostname="LAPTOP-7RNT9IP7" name="com.training.sanity.tests.LoginTests" tests="1" failures="0" timestamp="6 Sep 2019 06:37:25 GMT" time="4.593" errors="0">
  <testcase name="UNF_010" time="4.593" classname="com.training.sanity.tests.LoginTests"/>
</testsuite> <!-- com.training.sanity.tests.LoginTests -->
