<?xml version="1.0" encoding="UTF-8"?>
<!-- Generated by org.testng.reporters.JUnitReportReporter -->
<testsuite hostname="LAPTOP-7RNT9IP7" name="com.training.sanity.tests.ProductSearchTests" tests="3" failures="0" timestamp="12 Sep 2019 04:47:24 GMT" time="41.352" errors="0">
  <testcase name="UNF_010" time="6.443" classname="com.training.sanity.tests.ProductSearchTests"/>
  <testcase name="UNF_011" time="8.392" classname="com.training.sanity.tests.ProductSearchTests"/>
  <testcase name="UNF041" time="26.517" classname="com.training.sanity.tests.ProductSearchTests"/>
</testsuite> <!-- com.training.sanity.tests.ProductSearchTests -->
